<?xml version="1.0" encoding="UTF-8"?>
<testng-results skipped="0" failed="0" ignored="0" total="1" passed="1">
  <reporter-output>
  </reporter-output>
  <suite name="Default suite" duration-ms="23207" started-at="2022-06-16T12:47:55 IST" finished-at="2022-06-16T12:48:18 IST">
    <groups>
    </groups>
    <test name="Default test" duration-ms="23207" started-at="2022-06-16T12:47:55 IST" finished-at="2022-06-16T12:48:18 IST">
      <class name="com.BWI.MobileApps.ProfileTests">
        <test-method status="PASS" signature="launchBrowser()[pri:0, instance:com.BWI.MobileApps.ProfileTests@543c6f6d]" name="launchBrowser" is-config="true" duration-ms="10431" started-at="2022-06-16T12:47:55 IST" finished-at="2022-06-16T12:48:05 IST">
          <reporter-output>
          </reporter-output>
        </test-method> <!-- launchBrowser -->
        <test-method status="PASS" signature="verifyLogin()[pri:0, instance:com.BWI.MobileApps.ProfileTests@543c6f6d]" name="verifyLogin" duration-ms="8532" started-at="2022-06-16T12:48:06 IST" finished-at="2022-06-16T12:48:14 IST">
          <reporter-output>
          </reporter-output>
        </test-method> <!-- verifyLogin -->
        <test-method status="PASS" signature="closeBrowser()[pri:0, instance:com.BWI.MobileApps.ProfileTests@543c6f6d]" name="closeBrowser" is-config="true" duration-ms="4177" started-at="2022-06-16T12:48:14 IST" finished-at="2022-06-16T12:48:18 IST">
          <reporter-output>
          </reporter-output>
        </test-method> <!-- closeBrowser -->
      </class> <!-- com.BWI.MobileApps.ProfileTests -->
    </test> <!-- Default test -->
  </suite> <!-- Default suite -->
</testng-results>
